ID: 1 ,SIZE = 1
ูู ุณุงุจูุฉ ูู ุงูุฃููู ูู ุนุงูู ุงูุทุจ ูุฌุญ ูุฑูู #ุจุฑูุทุงูู ูู ุงูุญูุงุธ ุนูู ูุจุฏ"ุญูุง"ูุฏุงูุฆุงุ ูููุงุตู ุฃุฏุงุก ูุธููุชู ุฎุงุฑุฌ ุงูุฌุณุฏ ูู ุขูุฉ ุทูุฑุช ุญุฏูุซุง ูุฐูู.#ุงูุฑุงูุฉ Retweets: 1
Category Label : art
Credability : 0.75
Geo Tags : []
Name Entities : []
========================================================
ID: 2 ,SIZE = 1
ูุฌุงู ุงูุชูุณูู : ุดูุฏุงุก #ุณูุฑูุง ุญุชู ุงููุญุธุฉ 117 ุดููุฏุงู. #ุณูุฑูุฉ Retweets: 1
Category Label : politics
Credability : 0.75
Geo Tags : []
Name Entities : []
========================================================
ID: 3 ,SIZE = 2
ุงููุนุงุฑุถุฉ ุงูุณูุฑูุฉ ุชุฌุชูุน ูุทูุน ุงูุงุณุจูุน ุงูููุจู ูู #ุฅุณุทูุจูู ูุงุฎุชูุงุฑ ุฑุฆูุณ ุงูุญูููุฉ ุงูุฅูุชูุงููุฉ. #ุณูุฑูุง #ุชุฑููุง Retweets: 1
ุงููุนุงุฑุถุฉ ุงูุณูุฑูุฉ ุชุฌุชูุน ูุทูุน ุงูุงุณุจูุน ุงูููุจู ูู ุงุณุทูุจูู ูุงุฎุชูุงุฑ "ุฑุฆูุณ ุญูููุฉ"  via Retweets: 0
Category Label : politics
Credability : 4.25
Geo Tags : []
Name Entities : []
========================================================
ID: 4 ,SIZE = 1
8.1 ููุงููู ุฏููุงุฑ ุฅูุฑุงุฏุงุช ุจูู ูุฑุจุฉ ูู 2012 | ุฌุฑูุฏุฉ ุงููุจุณ Retweets: 1
Category Label : economy
Credability : 3.75
Geo Tags : []
Name Entities : []
========================================================
ID: 5 ,SIZE = 1
ูููุฏ ุฃููุฑูู ูุฌูู ูู ุขุณูุง ูููุงูุดุฉ ุงูุนููุจุงุช ุนูู ุทูุฑุงู ูุจูููุบ ูุงูุบ Retweets: 1
Category Label : politics
Credability : 3.4166666666666665
Geo Tags : []
Name Entities : []
========================================================
ID: 6 ,SIZE = 1
ุชูููู ุตุญุงูู ูู ุณูุงู ูููุฒ ุฎูุงู ุจุซ ูุจุงุดุฑ ูู ุณุงุญุฉ ุชูุงู ุฃูููู ูู ุจููู Retweets: 1
Category Label : politics
Credability : 2.95
Geo Tags : []
Name Entities : []
========================================================
ID: 7 ,SIZE = 1
ุชูุฑูุฑ ููููุณูู ุฃูุตู ุจููุฆุฉ ูุงุธูุฉ ููุงุนูุงู ููุงููุฑูู ูุฑูุฏ ููุซุงููุง ูููููุง ูุชุดุฏุฏูุง Retweets: 1
Category Label : politics
Credability : 2.892857142857143
Geo Tags : []
Name Entities : []
========================================================
ID: 8 ,SIZE = 1
ุงูุตูุฑ : ูุฏู ุฌุนูุฑ ูู ุตูุนู..ูุงููุนูุฉ ุทุงูุช ุฃุจูุชุฑููุฉ !: ุฃูุฏ ุงุญูุฏ ุญุณู ูุฌู ูุณุท ุงูุฒูุงูู ูุนููุฏ ูุงุนุจู ุงูุนุงูู ุุงู ุงููุฑูู ... Retweets: 1
Category Label : sports
Credability : 3.75
Geo Tags : []
Name Entities : []
========================================================
ID: 9 ,SIZE = 1
ุนุฑุถ ุฎุงุต ุนูู #ูุนุจุฉ Modern Combat 4: Zero Hour ุจุณุนุฑ 0.99 ุฏููุงุฑ ููุชุฑุฉ ูุญุฏูุฏุฉ  | #ุฃูุฏุฑููุฏ Retweets: 1
Category Label : technology
Credability : 3.75
Geo Tags : []
Name Entities : []
========================================================
ID: 10 ,SIZE = 2
#ุฑุตุฏ| #ูุตุฑ| ุงููููุฏุณ ูุญูุฏ ุนุฒุช -ูุงุฆุจ ูุญุงูุธ ุงูุดุฑููุฉ- ุนุจุฑ ููุณ ุจูู: ุงูุญูุฏ ููู ุชู ุชูููุฐ ูุดุฑูุน ุชุญุฑูุฑ ุณุนุฑ ุงูุฏููู ูู ู... Retweets: 1
#ุฑุตุฏ| #ูุตุฑ| ุงููููุฏุณ ูุญูุฏ ุนุฒุช -ูุงุฆุจ ูุญุงูุธ ุงูุดุฑููุฉ- ุนุจุฑ ููุณ ุจูู: ุงูุญูุฏ ููู ุชู ุชูููุฐ ูุดุฑูุน ุชุญุฑูุฑ ุณุนุฑ ุงูุฏููู ูู... Retweets: 0
Category Label : politics
Credability : 7.45
Geo Tags : []
Name Entities : []
========================================================
ID: 11 ,SIZE = 1
#ุฑุตุฏ| #ูุตุฑ| ุนูุฏ: ูุฏุญ #ูุฑุณู ููุดุฑุทุฉ ุฅูุงูุฉ ููุดุนุจ ูุงูุซูุฑุฉุนูุฏ: ูุฏุญ ูุฑุณู ููุดุฑุทุฉ ุงูุงูุฉ ููุดุนุจ ูุงูุซูุฑุฉ | ุดุจูุฉ ุฑุตุฏ ุงู... Retweets: 1
Category Label : politics
Credability : 2.892857142857143
Geo Tags : []
Name Entities : []
========================================================
ID: 12 ,SIZE = 1
#ุฑุตุฏ| #ูุตุฑ| ุฃุญูุฏ ุงุณุจุงูุฏุฑ: ูููุดูุงุช ุงูุงุฎูุงู ูู #ุณูุฑูุง ุชูุฏู ุงููุณุงุฌุฏ ูุชููู "ุงููู ุงูุจุฑ" ุชุตููุฑ ููุชุงุจุนุฉ : ุนุจุฏ ุงูุฑุญูู... Retweets: 1
Category Label : politics
Credability : 2.861111111111111
Geo Tags : []
Name Entities : []
========================================================
ID: 13 ,SIZE = 1
#ุฑุตุฏ| #ูุตุฑ| ูุธู ุงูููู ุนุฏุฏ ูู ุดุจุงุจ ุงูุฌุงูุนุฉ ูููุฉ ุจุณูุฏู ุฌุงุจุฑ ุจู #ุงูุฅุณููุฏุฑูุฉ ุนูุจ ุตูุงุฉ ุงูุธูุฑ ูู ุงูุฐูุฑู ุงูุซุงููุฉ ููุซ... Retweets: 1
Category Label : politics
Credability : 2.840909090909091
Geo Tags : []
Name Entities : []
========================================================
ID: 14 ,SIZE = 1
#ุฑุตุฏ| #ูุตุฑ| ุฃุจูุฅุณูุงุนูู: ูู ูุชุฑู ููู ุงูุดูุงุฑุน ูุณูุจุฏุฃ ุจููุฏุงู #ุงูุชุญุฑูุฑ ููุชุงุจุนุฉ ุงูุชูุงุตูู: ... Retweets: 1
Category Label : politics
Credability : 2.826923076923077
Geo Tags : []
Name Entities : []
========================================================
ID: 15 ,SIZE = 1
#ุงูุดุฑูู | ุจุฃูุฑ ุฌูุงุช ุณูุงุฏูุฉ: ุฎุทุท ุงูุชูููุฉ ุณุฑูุฉ .. Retweets: 1
Category Label : politics
Credability : 3.75
Geo Tags : []
Name Entities : []
========================================================
ID: 17 ,SIZE = 1
ุงูุดูุฎ ุญุงุฒู ุตูุงุญ ุฃุจู ุฅุณูุงุนูู: ูุฑุงุฑ ุชุฃุฌูู ุงูุงูุชุฎุงุจุงุช ุงูุจุฑููุงููุฉ "ูุตูุจุฉ" ูููุงู ูุคุงูุฑุฉ ูุนูุฏุฉ ุงูุฌูุด. #ุงูุฑุงูุฉ #ูุตุฑ Retweets: 1
Category Label : politics
Credability : 0.75
Geo Tags : []
Name Entities : []
========================================================
ID: 16 ,SIZE = 1
ูุงุชู LG Optimus G Pro ุณููุฏู ุชูููุฉ ุชุชุจุน ุงูุนูู  (ุนุจุฑ: #LG #Optimus #ุฅู_ุฌู Retweets: 1
Category Label : technology
Credability : 3.75
Geo Tags : []
Name Entities : []
========================================================
ID: 19 ,SIZE = 1
ุงูุนุฏู ูู ุงููุฒูุฑ ุงูุซุงูู ุงูุง ุตุงุฎูู ุจููู ุจุนุฏ ุงููุฒูุฑุฉ ุงูุญุณูุงุก ุณููุฑุฉ ุฑุฌุจ.. ูุฒุฑุงุก ุตููุญุฉ Retweets: 0
Category Label : politics
Credability : 0.5
Geo Tags : []
Name Entities : []
========================================================
ID: 18 ,SIZE = 11
: ุงูุชุญุงุฑ ูููุงุก ููุจู #ArabaIdol Retweets: 0
ุนุงุฌู : ุงูุชุญุงุฑ ูููุงุก ููุจู :P ูููููููููููููููููููููููููููููู Retweets: 0
#Arabidol ุนุงุฌู : ูููุงุก ููุจู ุชุนุชุฒู ุงููู ุจุนุฏ ูุง ุดุงูุช ูุงููุฑูุณุงู ุชููุฏูุงโ Retweets: 0
ุนุงุฌู : ุงูุชุญุงุฑ ูููุงุก ููุจู โนโบโบ Retweets: 1
ุนุงุฌู : ูููุงุก ููุจู ุชุนุชุฒู ุงููู ุจุนุฏ ูุง ุดุงูุช ูุงููุฑูุณุงู ุชููุฏูุง Retweets: 1
: ุงูุชุญุงุฑ ูููุงุก ููุจู Retweets: 0
ุนุงุฌู ุงูุชุญุงุฑ : ูููุงุก ููุจู ุจุนุฏ ุงูุฅุนุงูุฉ ุงููู ููุฏุชูุง โบ #ArabIdol" Retweets: 0
ุนุงุฌู ุงูุชุญุงุฑ : ูููุงุก ููุจู ุจุนุฏ ุงูุฅุนุงูุฉ ุงููู ููุฏุชูุง โบ Retweets: 0
ุนุงุฌู : ุฎุจุฑ ุงูุชุญุงุฑ ูููุงุก ููุจู =)) Retweets: 0
ุฎุจุฑ ุนุงุฌู ุงูุชุญุงุฑ ูููุงุก ููุจู :). Retweets: 0
ุฎุจุฑ ุนุงุฌู !!! . . . . . . . . . . . . ูููุงุก ููุจู ุชุญุงูู ุงูุงูุชุญุงุฑ ูุชูุดู ุจุณู ูุฆุฑุงู ุจุนุฏ ุงุฑุจ ุงูุฏู ููููููููููู M.Z Retweets: 0
Category Label : art
Credability : 11.5
Geo Tags : []
Name Entities : []
========================================================
ID: 21 ,SIZE = 1
ุนุงุฌู | ุงุชุญุงุฏ ุชูุณูููุงุช ุงูุซูุฑุฉ ุงูุณูุฑูุฉ || ูุตู ูุฏูุนู ุนููู ูุณุชูุฏู ููุงุฒู ุงููุฏูููู ูู ุญู ุงููุตูุฑ ุจุญูุต Retweets: 0
Category Label : politics
Credability : 2.5
Geo Tags : []
Name Entities : []
========================================================
ID: 20 ,SIZE = 1
ูุฆุฉ ุจุงูุณุชุงูู ูุนูุฏูู ูุจูุงุฏูู ุจุนุฏ ุชุนุฐูุจูู ูู #ุงูุจุญุฑูู ูู ูุจู ุงูููุงุช ุงูุญููููุฉ ุงูู ุฌุงูุจ 450 ูุนุฏูุง ุจุงูุนูู ูู ุงูุฌูุด ุงู ... Retweets: 0
Category Label : politics
Credability : 0.5
Geo Tags : []
Name Entities : []
========================================================
ID: 23 ,SIZE = 1
ุนุงุฌู /ุฌุณุฑ ุงูุดุบูุฑ /ููุงุก ุงูุญุฑูุฉ ุฌุจูุฉ ุงูุฃุตุงูุฉ ูุงูุชูููุฉ ุชู ุงุณุชูุฏุงู ุซูุงุซุฉ ุญูุงุฌุฒ ุจุงูููุงุจู ูุงูุฃุดุชุจุงู ุงููุจุงุดุฑ ูู... Retweets: 0
Category Label : politics
Credability : 2.5
Geo Tags : []
Name Entities : []
========================================================
ID: 22 ,SIZE = 2
๐ด #ูุทุฑ_ุชุทุฑุญ_ูุธุงุฆู_ููุฎููุฌููู ุจุฑูุงุชุจ ุชุตู ุฅูู 90% ูู ูุฒุงูุง ุงูููุงุทููู ูู #ูุทุฑ .. #ูุธุงุฆู #ุงูุณุนูุฏูุฉ #ุฎููุฌูุง_ูุงุญุฏ - htt ... Retweets: 2
โุนุงุฌู #ูุทุฑ_ุชุทุฑุญ_ูุธุงุฆู_ููุฎููุฌููู ุจุฑูุงุชุจ ุชุตู ุฅูู 90% ูู ูุฒุงูุง ุงูููุงุทููู ูู #ูุทุฑ .. #ูุธุงุฆู #ุงูุณุนูุฏูุฉ #ุฎููุฌูุง_ูุงุญุฏ - โ" Retweets: 0
Category Label : economy
Credability : 2.5
Geo Tags : []
Name Entities : []
========================================================
ID: 25 ,SIZE = 1
#ุงูุชุตุงุฏ: #ุฃููุงููุง ูุตููุฉ ุนูู ูุถุน ุดุฑูุท ูุชูุฏูู ูุณุงุนุฏุฉ ุงูุชุตุงุฏูุฉ ุฅูู #ูุจุฑุต.. Retweets: 0
Category Label : economy
Credability : 0.5
Geo Tags : []
Name Entities : []
========================================================
ID: 24 ,SIZE = 1
๐ด #ุงุณุชูุงูุฉ_ูุฒูุฑ_ุงูุชุฑุจูุฉ_ุงููููุชู_ุจุนุฏ_ููุงุฉ_ุทุงูุจุฉ ูู ูุฏุฑุณุฉ .. ุตูุฑุฉ ูุน ุงูุชุญูุฉ ูู #ูุฒูุฑ_ุงูุตุญุฉ ูู #ุงูุณุนูุฏูุฉ !! - http:/ ... Retweets: 0
Category Label : politics
Credability : 0.5
Geo Tags : []
Name Entities : []
========================================================
ID: 27 ,SIZE = 1
๐ด ูุตู 200 ุทุงูุจ ููุฏู ุจุณุจุจ ุงูุบุด ูู ุงูุงูุชุญุงูุงุช .. ูุฅููุงุก ุงููุจุถ ุนูู ูุฆุฉ ุดุฎุต ูู ุงูุขุจุงุก ุงูุฐูู ุณุงุนุฏููู ูู ุฐูู .. #ุงูููุฏ ... Retweets: 0
Category Label : politics
Credability : 0.5
Geo Tags : []
Name Entities : []
========================================================
ID: 26 ,SIZE = 1
ุฎุจุฑ ุนุงุฌู ูููุงูููุจู ุงูุชุญุฑุช ููููููููููููููู โบ Retweets: 0
Category Label : art
Credability : 0.5
Geo Tags : []
Name Entities : []
========================================================
